2025-09-17 14:09:32 - INFO - MT5连接成功！
2025-09-17 14:09:32 - INFO - 交易品种XAUUSD已就绪
2025-09-17 14:09:32 - INFO - 初始数据加载完成，共30根H1 K线
2025-09-17 14:09:32 - INFO - 当日交易统计重置：今日交易次数=0，当日亏损=0.00美元
2025-09-17 14:09:32 - INFO - 初始化完成 - 交易品种: XAUUSD, 手数: 1.0, 合约大小: 100.0
2025-09-17 14:09:32 - INFO - 开始实时交易...
2025-09-17 14:09:32 - INFO - 信号分析 - 时段: 欧洲, 星期: 2, 小时: 9
2025-09-17 14:09:32 - INFO - 生成信号：-1，理由：动量一致(-1)
2025-09-17 14:09:32 - INFO - 发送卖出订单 - 手数: 1.0, 价格: 3676.57, 止损: 3681.28, 止盈: 3667.83
2025-09-17 14:09:32 - INFO - 卖出订单执行成功！订单号: 307524464, 订单编号: 307524464
2025-09-17 14:09:32 - INFO - 开仓成功 - 方向: -1, 价格: 3676.57, 手数: 1.0, 当前交易次数: 1, 订单编号: 307524464
2025-09-17 14:09:32 - INFO - 等待下一次检查...
2025-09-17 14:10:32 - INFO - 当前持仓 - 方向: -1, 开仓价: 3676.5700, 当前价: 3676.5500, 浮盈: 2.00美元, 持仓时间: 0:01:00.041178
2025-09-17 14:10:32 - INFO - 等待下一次检查...
2025-09-17 14:11:02 - INFO - 用户中断交易
2025-09-17 14:11:02 - INFO - 交易结束，断开MT5连接
2025-09-17 14:11:02 - INFO - 
当日交易总结：
2025-09-17 14:11:02 - INFO - - 总交易次数: 1
2025-09-17 14:11:02 - INFO - - 当日亏损: $0.00
2025-09-17 15:33:32 - INFO - MT5连接成功！
2025-09-17 15:33:32 - INFO - 交易品种XAUUSD已就绪
2025-09-17 15:33:32 - INFO - 初始数据加载完成，共30根H1 K线
2025-09-17 15:33:32 - INFO - 当日交易统计重置：今日交易次数=0，当日亏损=0.00美元
2025-09-17 15:33:32 - INFO - 初始化完成 - 交易品种: XAUUSD, 手数: 1.0, 合约大小: 100.0
2025-09-17 15:33:32 - INFO - 开始实时交易...
2025-09-17 15:33:32 - INFO - 信号分析 - 时段: 欧洲, 星期: 2, 小时: 10
2025-09-17 15:33:32 - INFO - 生成信号：-1，理由：动量一致(-1)
2025-09-17 15:33:32 - INFO - 发送卖出订单 - 手数: 1.0, 价格: 3669.35, 止损: 3674.72, 止盈: 3659.55
2025-09-17 15:33:32 - INFO - 卖出订单执行成功！订单号: 307581692, 订单编号: 307581692
2025-09-17 15:33:32 - INFO - 开仓成功 - 方向: -1, 价格: 3669.35, 手数: 1.0, 当前交易次数: 1, 订单编号: 307581692
2025-09-17 15:33:32 - INFO - 等待下一次检查...
2025-09-17 15:33:50 - INFO - 用户中断交易
2025-09-17 15:33:50 - INFO - 发送买入订单 - 手数: 1.0, 价格: 3669.50, 止损: 0.00, 止盈: 0.00
2025-09-17 15:33:50 - INFO - 订单发送失败：MT5返回None，可能连接中断或请求无效
2025-09-17 15:33:50 - ERROR - 订单发送失败：MT5返回None，可能连接中断或请求无效
2025-09-17 15:33:50 - INFO - 交易结束，断开MT5连接
2025-09-17 15:33:50 - INFO - 
当日交易总结：
2025-09-17 15:33:50 - INFO - - 总交易次数: 1
2025-09-17 15:33:50 - INFO - - 当日亏损: $0.00
